<?xml version="1.0" encoding="UTF-8"?>
<testsuites>
  <testsuite name="AuthTest" tests="26" failures="0">
    <testcase name="test_0" status="passed" />
    <testcase name="test_1" status="passed" />
    <testcase name="test_2" status="passed" />
    <testcase name="test_3" status="passed" />
    <testcase name="test_4" status="passed" />
    <testcase name="test_5" status="passed" />
    <testcase name="test_6" status="passed" />
    <testcase name="test_7" status="passed" />
    <testcase name="test_8" status="passed" />
    <testcase name="test_9" status="passed" />
    <testcase name="test_10" status="passed" />
    <testcase name="test_11" status="passed" />
    <testcase name="test_12" status="passed" />
    <testcase name="test_13" status="passed" />
    <testcase name="test_14" status="passed" />
    <testcase name="test_15" status="passed" />
    <testcase name="test_16" status="passed" />
    <testcase name="test_17" status="passed" />
    <testcase name="test_18" status="passed" />
    <testcase name="test_19" status="passed" />
    <testcase name="test_20" status="passed" />
    <testcase name="test_21" status="passed" />
    <testcase name="test_22" status="passed" />
    <testcase name="test_23" status="passed" />
    <testcase name="test_24" status="passed" />
    <testcase name="test_25" status="passed" />
  </testsuite>
  <testsuite name="DatabaseTest" tests="18" failures="0">
    <testcase name="test_0" status="passed" />
    <testcase name="test_1" status="passed" />
    <testcase name="test_2" status="passed" />
    <testcase name="test_3" status="passed" />
    <testcase name="test_4" status="passed" />
    <testcase name="test_5" status="passed" />
    <testcase name="test_6" status="passed" />
    <testcase name="test_7" status="passed" />
    <testcase name="test_8" status="passed" />
    <testcase name="test_9" status="passed" />
    <testcase name="test_10" status="passed" />
    <testcase name="test_11" status="passed" />
    <testcase name="test_12" status="passed" />
    <testcase name="test_13" status="passed" />
    <testcase name="test_14" status="passed" />
    <testcase name="test_15" status="passed" />
    <testcase name="test_16" status="passed" />
    <testcase name="test_17" status="passed" />
  </testsuite>
  <testsuite name="WebhookTest" tests="10" failures="0">
    <testcase name="test_0" status="passed" />
    <testcase name="test_1" status="passed" />
    <testcase name="test_2" status="passed" />
    <testcase name="test_3" status="passed" />
    <testcase name="test_4" status="passed" />
    <testcase name="test_5" status="passed" />
    <testcase name="test_6" status="passed" />
    <testcase name="test_7" status="passed" />
    <testcase name="test_8" status="passed" />
    <testcase name="test_9" status="passed" />
  </testsuite>
  <testsuite name="UserManagementTest" tests="12" failures="0">
    <testcase name="test_0" status="passed" />
    <testcase name="test_1" status="passed" />
    <testcase name="test_2" status="passed" />
    <testcase name="test_3" status="passed" />
    <testcase name="test_4" status="passed" />
    <testcase name="test_5" status="passed" />
    <testcase name="test_6" status="passed" />
    <testcase name="test_7" status="passed" />
    <testcase name="test_8" status="passed" />
    <testcase name="test_9" status="passed" />
    <testcase name="test_10" status="passed" />
    <testcase name="test_11" status="passed" />
  </testsuite>
  <testsuite name="ReportsTest" tests="12" failures="0">
    <testcase name="test_0" status="passed" />
    <testcase name="test_1" status="passed" />
    <testcase name="test_2" status="passed" />
    <testcase name="test_3" status="passed" />
    <testcase name="test_4" status="passed" />
    <testcase name="test_5" status="passed" />
    <testcase name="test_6" status="passed" />
    <testcase name="test_7" status="passed" />
    <testcase name="test_8" status="passed" />
    <testcase name="test_9" status="passed" />
    <testcase name="test_10" status="passed" />
    <testcase name="test_11" status="passed" />
  </testsuite>
  <testsuite name="ApiTest" tests="36" failures="0">
    <testcase name="test_0" status="passed" />
    <testcase name="test_1" status="passed" />
    <testcase name="test_2" status="passed" />
    <testcase name="test_3" status="passed" />
    <testcase name="test_4" status="passed" />
    <testcase name="test_5" status="passed" />
    <testcase name="test_6" status="passed" />
    <testcase name="test_7" status="passed" />
    <testcase name="test_8" status="passed" />
    <testcase name="test_9" status="passed" />
    <testcase name="test_10" status="passed" />
    <testcase name="test_11" status="passed" />
    <testcase name="test_12" status="passed" />
    <testcase name="test_13" status="passed" />
    <testcase name="test_14" status="passed" />
    <testcase name="test_15" status="passed" />
    <testcase name="test_16" status="passed" />
    <testcase name="test_17" status="passed" />
    <testcase name="test_18" status="passed" />
    <testcase name="test_19" status="passed" />
    <testcase name="test_20" status="passed" />
    <testcase name="test_21" status="passed" />
    <testcase name="test_22" status="passed" />
    <testcase name="test_23" status="passed" />
    <testcase name="test_24" status="passed" />
    <testcase name="test_25" status="passed" />
    <testcase name="test_26" status="passed" />
    <testcase name="test_27" status="passed" />
    <testcase name="test_28" status="passed" />
    <testcase name="test_29" status="passed" />
    <testcase name="test_30" status="passed" />
    <testcase name="test_31" status="passed" />
    <testcase name="test_32" status="passed" />
    <testcase name="test_33" status="passed" />
    <testcase name="test_34" status="passed" />
    <testcase name="test_35" status="passed" />
  </testsuite>
  <testsuite name="IntegrationTest" tests="38" failures="0">
    <testcase name="test_0" status="passed" />
    <testcase name="test_1" status="passed" />
    <testcase name="test_2" status="passed" />
    <testcase name="test_3" status="passed" />
    <testcase name="test_4" status="passed" />
    <testcase name="test_5" status="passed" />
    <testcase name="test_6" status="passed" />
    <testcase name="test_7" status="passed" />
    <testcase name="test_8" status="passed" />
    <testcase name="test_9" status="passed" />
    <testcase name="test_10" status="passed" />
    <testcase name="test_11" status="passed" />
    <testcase name="test_12" status="passed" />
    <testcase name="test_13" status="passed" />
    <testcase name="test_14" status="passed" />
    <testcase name="test_15" status="passed" />
    <testcase name="test_16" status="passed" />
    <testcase name="test_17" status="passed" />
    <testcase name="test_18" status="passed" />
    <testcase name="test_19" status="passed" />
    <testcase name="test_20" status="passed" />
    <testcase name="test_21" status="passed" />
    <testcase name="test_22" status="passed" />
    <testcase name="test_23" status="passed" />
    <testcase name="test_24" status="passed" />
    <testcase name="test_25" status="passed" />
    <testcase name="test_26" status="passed" />
    <testcase name="test_27" status="passed" />
    <testcase name="test_28" status="passed" />
    <testcase name="test_29" status="passed" />
    <testcase name="test_30" status="passed" />
    <testcase name="test_31" status="passed" />
    <testcase name="test_32" status="passed" />
    <testcase name="test_33" status="passed" />
    <testcase name="test_34" status="passed" />
    <testcase name="test_35" status="passed" />
    <testcase name="test_36" status="passed" />
    <testcase name="test_37" status="passed" />
  </testsuite>
</testsuites>