<?xml version="1.0" encoding="UTF-8"?>
<testsuites>
  <testsuite name="AuthTest" tests="26" failures="2">
    <testcase name="test_0" status="passed" />
    <testcase name="test_1" status="passed" />
    <testcase name="test_2" status="passed" />
    <testcase name="test_3" status="passed" />
    <testcase name="test_4" status="passed" />
    <testcase name="test_5" status="passed" />
    <testcase name="test_6" status="passed" />
    <testcase name="test_7" status="passed" />
    <testcase name="test_8" status="passed" />
    <testcase name="test_9" status="passed" />
    <testcase name="test_10" status="passed" />
    <testcase name="test_11" status="passed" />
    <testcase name="test_12" status="passed" />
    <testcase name="test_13" status="passed" />
    <testcase name="test_14" status="passed" />
    <testcase name="test_15" status="passed" />
    <testcase name="test_16" status="passed" />
    <testcase name="test_17" status="passed" />
    <testcase name="test_18" status="passed" />
    <testcase name="test_19" status="passed" />
    <testcase name="test_20" status="passed" />
    <testcase name="test_21" status="passed" />
    <testcase name="test_22" status="passed" />
    <testcase name="test_23" status="passed" />
    <testcase name="test_24" status="failed" />
    <testcase name="test_25" status="failed" />
  </testsuite>
  <testsuite name="DatabaseTest" tests="18" failures="2">
    <testcase name="test_0" status="passed" />
    <testcase name="test_1" status="passed" />
    <testcase name="test_2" status="passed" />
    <testcase name="test_3" status="passed" />
    <testcase name="test_4" status="passed" />
    <testcase name="test_5" status="passed" />
    <testcase name="test_6" status="passed" />
    <testcase name="test_7" status="passed" />
    <testcase name="test_8" status="passed" />
    <testcase name="test_9" status="passed" />
    <testcase name="test_10" status="passed" />
    <testcase name="test_11" status="passed" />
    <testcase name="test_12" status="passed" />
    <testcase name="test_13" status="passed" />
    <testcase name="test_14" status="passed" />
    <testcase name="test_15" status="passed" />
    <testcase name="test_16" status="failed" />
    <testcase name="test_17" status="failed" />
  </testsuite>
  <testsuite name="WebhookTest" tests="10" failures="5">
    <testcase name="test_0" status="passed" />
    <testcase name="test_1" status="passed" />
    <testcase name="test_2" status="passed" />
    <testcase name="test_3" status="passed" />
    <testcase name="test_4" status="passed" />
    <testcase name="test_5" status="failed" />
    <testcase name="test_6" status="failed" />
    <testcase name="test_7" status="failed" />
    <testcase name="test_8" status="failed" />
    <testcase name="test_9" status="failed" />
  </testsuite>
  <testsuite name="UserManagementTest" tests="12" failures="5">
    <testcase name="test_0" status="passed" />
    <testcase name="test_1" status="passed" />
    <testcase name="test_2" status="passed" />
    <testcase name="test_3" status="passed" />
    <testcase name="test_4" status="passed" />
    <testcase name="test_5" status="passed" />
    <testcase name="test_6" status="passed" />
    <testcase name="test_7" status="failed" />
    <testcase name="test_8" status="failed" />
    <testcase name="test_9" status="failed" />
    <testcase name="test_10" status="failed" />
    <testcase name="test_11" status="failed" />
  </testsuite>
  <testsuite name="ReportsTest" tests="12" failures="1">
    <testcase name="test_0" status="passed" />
    <testcase name="test_1" status="passed" />
    <testcase name="test_2" status="passed" />
    <testcase name="test_3" status="passed" />
    <testcase name="test_4" status="passed" />
    <testcase name="test_5" status="passed" />
    <testcase name="test_6" status="passed" />
    <testcase name="test_7" status="passed" />
    <testcase name="test_8" status="passed" />
    <testcase name="test_9" status="passed" />
    <testcase name="test_10" status="passed" />
    <testcase name="test_11" status="failed" />
  </testsuite>
  <testsuite name="ApiTest" tests="1" failures="1">
    <testcase name="test_0" status="failed" />
  </testsuite>
  <testsuite name="IntegrationTest" tests="1" failures="1">
    <testcase name="test_0" status="failed" />
  </testsuite>
</testsuites>